Performing C SOURCE FILE Test CMAKE_HAVE_LIBC_PTHREAD failed with the following output:
Change Dir: /media/satya/740516b2-56c1-4cf3-9ae2-87b56289b807/work/project/quantization/pt/bnn/c++_port/build/CMakeFiles/CMakeTmp

Run Build Command(s):/usr/bin/make -f Makefile cmTC_3145a/fast && /usr/bin/make  -f CMakeFiles/cmTC_3145a.dir/build.make CMakeFiles/cmTC_3145a.dir/build
make[1]: Entering directory '/media/satya/740516b2-56c1-4cf3-9ae2-87b56289b807/work/project/quantization/pt/bnn/c++_port/build/CMakeFiles/CMakeTmp'
Building C object CMakeFiles/cmTC_3145a.dir/src.c.o
/usr/bin/cc -DCMAKE_HAVE_LIBC_PTHREAD   -o CMakeFiles/cmTC_3145a.dir/src.c.o -c /media/satya/740516b2-56c1-4cf3-9ae2-87b56289b807/work/project/quantization/pt/bnn/c++_port/build/CMakeFiles/CMakeTmp/src.c
Linking C executable cmTC_3145a
/usr/local/bin/cmake -E cmake_link_script CMakeFiles/cmTC_3145a.dir/link.txt --verbose=1
/usr/bin/cc -rdynamic CMakeFiles/cmTC_3145a.dir/src.c.o -o cmTC_3145a 
CMakeFiles/cmTC_3145a.dir/src.c.o: In function `main':
src.c:(.text+0x3e): undefined reference to `pthread_create'
src.c:(.text+0x4a): undefined reference to `pthread_detach'
src.c:(.text+0x56): undefined reference to `pthread_cancel'
src.c:(.text+0x67): undefined reference to `pthread_join'
src.c:(.text+0x7b): undefined reference to `pthread_atfork'
collect2: error: ld returned 1 exit status
CMakeFiles/cmTC_3145a.dir/build.make:98: recipe for target 'cmTC_3145a' failed
make[1]: *** [cmTC_3145a] Error 1
make[1]: Leaving directory '/media/satya/740516b2-56c1-4cf3-9ae2-87b56289b807/work/project/quantization/pt/bnn/c++_port/build/CMakeFiles/CMakeTmp'
Makefile:127: recipe for target 'cmTC_3145a/fast' failed
make: *** [cmTC_3145a/fast] Error 2


Source file was:
#include <pthread.h>

static void* test_func(void* data)
{
  return data;
}

int main(void)
{
  pthread_t thread;
  pthread_create(&thread, NULL, test_func, NULL);
  pthread_detach(thread);
  pthread_cancel(thread);
  pthread_join(thread, NULL);
  pthread_atfork(NULL, NULL, NULL);
  pthread_exit(NULL);

  return 0;
}

Determining if the function pthread_create exists in the pthreads failed with the following output:
Change Dir: /media/satya/740516b2-56c1-4cf3-9ae2-87b56289b807/work/project/quantization/pt/bnn/c++_port/build/CMakeFiles/CMakeTmp

Run Build Command(s):/usr/bin/make -f Makefile cmTC_67b9e/fast && /usr/bin/make  -f CMakeFiles/cmTC_67b9e.dir/build.make CMakeFiles/cmTC_67b9e.dir/build
make[1]: Entering directory '/media/satya/740516b2-56c1-4cf3-9ae2-87b56289b807/work/project/quantization/pt/bnn/c++_port/build/CMakeFiles/CMakeTmp'
Building C object CMakeFiles/cmTC_67b9e.dir/CheckFunctionExists.c.o
/usr/bin/cc   -DCHECK_FUNCTION_EXISTS=pthread_create -o CMakeFiles/cmTC_67b9e.dir/CheckFunctionExists.c.o -c /usr/local/share/cmake-3.24/Modules/CheckFunctionExists.c
Linking C executable cmTC_67b9e
/usr/local/bin/cmake -E cmake_link_script CMakeFiles/cmTC_67b9e.dir/link.txt --verbose=1
/usr/bin/cc  -DCHECK_FUNCTION_EXISTS=pthread_create -rdynamic CMakeFiles/cmTC_67b9e.dir/CheckFunctionExists.c.o -o cmTC_67b9e  -lpthreads 
/usr/bin/ld: cannot find -lpthreads
collect2: error: ld returned 1 exit status
CMakeFiles/cmTC_67b9e.dir/build.make:98: recipe for target 'cmTC_67b9e' failed
make[1]: *** [cmTC_67b9e] Error 1
make[1]: Leaving directory '/media/satya/740516b2-56c1-4cf3-9ae2-87b56289b807/work/project/quantization/pt/bnn/c++_port/build/CMakeFiles/CMakeTmp'
Makefile:127: recipe for target 'cmTC_67b9e/fast' failed
make: *** [cmTC_67b9e/fast] Error 2



